TN:
SF:C:\Users\leila\Documents\fitapp\src\polyfills.ts
FNF:0
FNH:0
DA:44,1
DA:45,1
DA:49,1
DA:56,1
DA:68,1
LF:5
LH:5
BRF:0
BRH:0
end_of_record
TN:
SF:C:\Users\leila\Documents\fitapp\src\test.ts
FN:20,(anonymous_0)
FNF:1
FNH:1
FNDA:1,(anonymous_0)
DA:3,1
DA:4,1
DA:5,1
DA:6,1
DA:7,1
DA:8,1
DA:9,1
DA:10,1
DA:20,1
DA:23,1
DA:28,1
DA:30,1
DA:32,1
LF:13
LH:13
BRF:0
BRH:0
end_of_record
TN:
SF:C:\Users\leila\Documents\fitapp\src\app\app.component.ts
FN:31,(anonymous_2)
FN:47,AppComponent
FN:55,(anonymous_4)
FN:58,(anonymous_5)
FN:62,(anonymous_6)
FN:63,(anonymous_7)
FN:65,(anonymous_8)
FN:69,(anonymous_9)
FN:74,(anonymous_10)
FN:87,(anonymous_11)
FN:91,(anonymous_12)
FNF:11
FNH:3
FNDA:1,(anonymous_2)
FNDA:2,AppComponent
FNDA:0,(anonymous_4)
FNDA:0,(anonymous_5)
FNDA:0,(anonymous_6)
FNDA:0,(anonymous_7)
FNDA:0,(anonymous_8)
FNDA:0,(anonymous_9)
FNDA:3,(anonymous_10)
FNDA:0,(anonymous_11)
FNDA:0,(anonymous_12)
DA:1,1
DA:6,1
DA:7,1
DA:8,1
DA:10,1
DA:11,1
DA:17,1
DA:18,1
DA:19,1
DA:31,1
DA:34,2
DA:35,2
DA:36,2
DA:38,2
DA:44,2
DA:45,2
DA:47,2
DA:48,2
DA:49,2
DA:50,2
DA:51,2
DA:52,2
DA:55,2
DA:56,0
DA:58,0
DA:62,2
DA:63,2
DA:65,2
DA:69,1
DA:70,0
DA:71,0
DA:74,1
DA:76,3
DA:78,3
DA:82,3
DA:83,3
DA:84,3
DA:87,1
DA:88,0
DA:91,1
DA:92,0
DA:93,0
DA:105,1
LF:43
LH:36
BRDA:70,0,0,0
BRDA:70,0,1,0
BRDA:48,1,0,1
BRDA:48,1,1,0
BRDA:48,2,0,1
BRDA:48,3,0,1
BRDA:48,3,1,1
BRDA:48,3,2,0
BRDA:48,4,0,1
BRDA:48,4,1,1
BRDA:49,5,0,1
BRDA:49,5,1,1
BRDA:49,5,2,0
BRDA:49,6,0,1
BRDA:49,6,1,1
BRDA:50,7,0,1
BRDA:50,7,1,1
BRDA:50,7,2,0
BRDA:50,8,0,1
BRDA:50,8,1,1
BRDA:51,9,0,1
BRDA:51,9,1,1
BRDA:51,9,2,0
BRDA:51,10,0,1
BRDA:51,10,1,1
BRF:25
BRH:18
end_of_record
TN:
SF:C:\Users\leila\Documents\fitapp\src\app\customMaterialModule.ts
FN:94,(anonymous_1)
FN:94,CustomMaterialModule
FNF:2
FNH:2
FNDA:1,(anonymous_1)
FNDA:15,CustomMaterialModule
DA:1,1
DA:2,1
DA:37,1
DA:38,1
DA:39,1
DA:40,1
DA:41,1
DA:42,1
DA:43,1
DA:44,1
DA:94,1
LF:11
LH:11
BRF:0
BRH:0
end_of_record
TN:
SF:C:\Users\leila\Documents\fitapp\src\app\pipeModule.module.ts
FN:15,(anonymous_1)
FN:15,PipeModule
FNF:2
FNH:2
FNDA:1,(anonymous_1)
FNDA:9,PipeModule
DA:1,1
DA:2,1
DA:6,1
DA:7,1
DA:8,1
DA:15,1
DA:23,1
LF:7
LH:7
BRF:0
BRH:0
end_of_record
TN:
SF:C:\Users\leila\Documents\fitapp\src\app\catalog\catalog.component.ts
FN:28,(anonymous_2)
FN:45,CatalogComponent
FN:52,(anonymous_4)
FN:55,(anonymous_5)
FN:64,(anonymous_6)
FN:67,(anonymous_7)
FN:72,(anonymous_8)
FN:77,(anonymous_9)
FN:79,(anonymous_10)
FN:82,(anonymous_11)
FNF:10
FNH:6
FNDA:1,(anonymous_2)
FNDA:4,CatalogComponent
FNDA:0,(anonymous_4)
FNDA:4,(anonymous_5)
FNDA:0,(anonymous_6)
FNDA:0,(anonymous_7)
FNDA:1,(anonymous_8)
FNDA:1,(anonymous_9)
FNDA:0,(anonymous_10)
FNDA:1,(anonymous_11)
DA:1,1
DA:3,1
DA:12,1
DA:14,1
DA:15,1
DA:16,1
DA:28,1
DA:30,1
DA:31,1
DA:32,1
DA:33,1
DA:34,1
DA:35,5
DA:37,1
DA:38,1
DA:43,4
DA:45,4
DA:47,4
DA:48,4
DA:49,4
DA:51,4
DA:52,0
DA:55,1
DA:57,4
DA:61,4
DA:64,1
DA:65,0
DA:67,1
DA:68,0
DA:72,1
DA:73,1
DA:74,1
DA:77,1
DA:78,1
DA:79,1
DA:82,1
DA:83,1
DA:86,1
LF:38
LH:35
BRDA:74,0,0,0
BRDA:74,0,1,1
BRDA:78,1,0,0
BRDA:78,1,1,1
BRDA:79,2,0,0
BRDA:79,2,1,1
BRDA:31,3,0,1
BRDA:31,3,1,0
BRDA:31,4,0,1
BRDA:32,5,0,1
BRDA:32,5,1,0
BRDA:32,6,0,1
BRDA:35,7,0,1
BRDA:35,7,1,0
BRDA:35,8,0,1
BRDA:46,9,0,1
BRDA:46,9,1,0
BRDA:46,10,0,1
BRDA:46,11,0,1
BRDA:46,11,1,1
BRDA:46,11,2,0
BRDA:46,12,0,1
BRDA:46,12,1,1
BRDA:47,13,0,1
BRDA:47,13,1,1
BRDA:47,13,2,0
BRDA:47,14,0,1
BRDA:47,14,1,1
BRDA:48,15,0,1
BRDA:48,15,1,1
BRDA:48,15,2,0
BRDA:48,16,0,1
BRDA:48,16,1,1
BRF:33
BRH:23
end_of_record
TN:
SF:C:\Users\leila\Documents\fitapp\src\app\catalog\navbar.service.ts
FN:6,(anonymous_1)
FN:5,NavbarService
FN:11,(anonymous_3)
FNF:3
FNH:2
FNDA:1,(anonymous_1)
FNDA:14,NavbarService
FNDA:0,(anonymous_3)
DA:1,1
DA:2,1
DA:6,1
DA:8,14
DA:9,14
DA:11,1
DA:12,0
DA:16,1
LF:8
LH:7
BRF:0
BRH:0
end_of_record
TN:
SF:C:\Users\leila\Documents\fitapp\src\app\catalog\cart-list\cart-list.component.ts
FN:14,(anonymous_2)
FN:20,CartListComponent
FN:22,(anonymous_4)
FN:24,(anonymous_5)
FN:28,(anonymous_6)
FN:29,(anonymous_7)
FN:36,(anonymous_8)
FNF:7
FNH:6
FNDA:1,(anonymous_2)
FNDA:5,CartListComponent
FNDA:1,(anonymous_4)
FNDA:0,(anonymous_5)
FNDA:2,(anonymous_6)
FNDA:1,(anonymous_7)
FNDA:1,(anonymous_8)
DA:1,1
DA:2,1
DA:4,1
DA:5,1
DA:14,1
DA:15,1
DA:16,1
DA:18,6
DA:20,5
DA:22,1
DA:24,1
DA:25,1
DA:28,1
DA:29,2
DA:30,2
DA:31,1
DA:32,1
DA:33,1
DA:36,1
DA:37,1
DA:39,1
LF:21
LH:21
BRDA:24,0,0,1
BRDA:24,0,1,0
BRDA:30,1,0,1
BRDA:30,1,1,1
BRDA:16,2,0,1
BRDA:16,2,1,0
BRDA:16,3,0,1
BRDA:20,4,0,1
BRDA:20,4,1,0
BRDA:20,5,0,1
BRDA:20,6,0,1
BRDA:20,6,1,1
BRDA:20,6,2,0
BRDA:20,7,0,1
BRDA:20,7,1,1
BRF:15
BRH:11
end_of_record
TN:
SF:C:\Users\leila\Documents\fitapp\src\app\catalog\cart-list\cart.service.ts
FN:11,(anonymous_2)
FN:17,CartService
FN:23,(anonymous_4)
FN:38,(anonymous_5)
FNF:4
FNH:3
FNDA:1,(anonymous_2)
FNDA:19,CartService
FNDA:2,(anonymous_4)
FNDA:0,(anonymous_5)
DA:1,1
DA:2,1
DA:4,1
DA:11,1
DA:17,19
DA:18,19
DA:19,19
DA:20,19
DA:23,1
DA:24,2
DA:25,0
DA:38,1
DA:39,0
DA:40,0
DA:45,1
LF:15
LH:12
BRDA:24,0,0,2
BRDA:24,0,1,0
BRDA:24,1,0,2
BRDA:24,1,1,2
BRDA:24,1,2,2
BRDA:40,2,0,0
BRDA:40,2,1,0
BRDA:17,3,0,1
BRDA:17,3,1,0
BRDA:17,4,0,1
BRF:10
BRH:6
end_of_record
TN:
SF:C:\Users\leila\Documents\fitapp\src\app\catalog\filters\filters.component.ts
FN:8,(anonymous_2)
FN:15,FiltersComponent
FN:17,(anonymous_4)
FN:20,(anonymous_5)
FNF:4
FNH:4
FNDA:1,(anonymous_2)
FNDA:1,FiltersComponent
FNDA:1,(anonymous_4)
FNDA:18,(anonymous_5)
DA:1,1
DA:8,1
DA:17,1
DA:20,1
DA:21,18
DA:24,1
LF:6
LH:6
BRF:0
BRH:0
end_of_record
TN:
SF:C:\Users\leila\Documents\fitapp\src\app\catalog\menu-global\menu-global.component.ts
FN:10,(anonymous_2)
FN:14,MenuGlobalComponent
FN:16,(anonymous_4)
FN:19,(anonymous_5)
FN:38,(anonymous_6)
FN:38,AssistanceDialog
FNF:6
FNH:4
FNDA:1,(anonymous_2)
FNDA:1,MenuGlobalComponent
FNDA:1,(anonymous_4)
FNDA:0,(anonymous_5)
FNDA:1,(anonymous_6)
FNDA:0,AssistanceDialog
DA:1,1
DA:2,1
DA:10,1
DA:12,2
DA:14,1
DA:16,1
DA:19,1
DA:20,0
DA:23,1
DA:38,1
LF:10
LH:9
BRDA:14,0,0,1
BRDA:14,0,1,0
BRDA:14,1,0,1
BRF:3
BRH:2
end_of_record
TN:
SF:C:\Users\leila\Documents\fitapp\src\app\catalog\product-detail\product-detail.component.ts
FN:21,(anonymous_2)
FN:35,ProductDetailComponent
FN:40,(anonymous_4)
FN:46,(anonymous_5)
FN:53,(anonymous_6)
FN:59,(anonymous_7)
FN:61,(anonymous_8)
FN:70,(anonymous_9)
FN:75,(anonymous_10)
FNF:9
FNH:7
FNDA:1,(anonymous_2)
FNDA:9,ProductDetailComponent
FNDA:9,(anonymous_4)
FNDA:0,(anonymous_5)
FNDA:0,(anonymous_6)
FNDA:2,(anonymous_7)
FNDA:1,(anonymous_8)
FNDA:2,(anonymous_9)
FNDA:1,(anonymous_10)
DA:1,1
DA:5,1
DA:6,1
DA:7,1
DA:8,1
DA:9,1
DA:21,1
DA:23,1
DA:24,1
DA:25,1
DA:27,10
DA:35,9
DA:36,9
DA:37,9
DA:40,9
DA:42,9
DA:43,0
DA:44,0
DA:45,0
DA:46,0
DA:47,0
DA:53,1
DA:54,0
DA:55,0
DA:59,2
DA:60,2
DA:61,1
DA:62,0
DA:66,1
DA:70,1
DA:71,2
DA:72,2
DA:73,2
DA:75,1
DA:76,1
DA:78,1
LF:36
LH:28
BRDA:42,0,0,9
BRDA:42,0,1,0
BRDA:42,1,0,9
BRDA:42,1,1,0
BRDA:48,2,0,0
BRDA:48,2,1,0
BRDA:54,3,0,0
BRDA:54,3,1,0
BRDA:60,4,0,1
BRDA:60,4,1,1
BRDA:60,5,0,2
BRDA:60,5,1,2
BRDA:61,6,0,0
BRDA:61,6,1,1
BRDA:71,7,0,1
BRDA:71,7,1,1
BRDA:23,8,0,1
BRDA:23,8,1,0
BRDA:23,9,0,1
BRDA:24,10,0,1
BRDA:24,10,1,0
BRDA:24,11,0,1
BRDA:35,12,0,1
BRDA:35,12,1,0
BRDA:35,13,0,1
BRDA:35,14,0,1
BRDA:35,14,1,1
BRDA:35,14,2,0
BRDA:35,15,0,1
BRDA:35,15,1,1
BRF:30
BRH:19
end_of_record
TN:
SF:C:\Users\leila\Documents\fitapp\src\app\catalog\product-tile\product-tile.component.ts
FN:9,(anonymous_2)
FN:14,ProductTileComponent
FN:16,(anonymous_4)
FNF:3
FNH:3
FNDA:1,(anonymous_2)
FNDA:1,ProductTileComponent
FNDA:1,(anonymous_4)
DA:1,1
DA:2,1
DA:9,1
DA:11,1
DA:16,1
DA:19,1
LF:6
LH:6
BRDA:11,0,0,1
BRDA:11,0,1,0
BRDA:11,1,0,1
BRF:3
BRH:2
end_of_record
TN:
SF:C:\Users\leila\Documents\fitapp\src\app\goodbye\goodbye.component.ts
FN:29,(anonymous_2)
FN:37,GoodbyeComponent
FN:44,(anonymous_4)
FN:49,(anonymous_5)
FN:53,(anonymous_6)
FN:57,(anonymous_7)
FN:71,(anonymous_8)
FN:75,(anonymous_9)
FN:76,(anonymous_10)
FNF:9
FNH:7
FNDA:1,(anonymous_2)
FNDA:12,GoodbyeComponent
FNDA:13,(anonymous_4)
FNDA:5,(anonymous_5)
FNDA:5,(anonymous_6)
FNDA:0,(anonymous_7)
FNDA:1,(anonymous_8)
FNDA:1,(anonymous_9)
FNDA:0,(anonymous_10)
DA:1,1
DA:2,1
DA:4,1
DA:5,1
DA:6,1
DA:7,1
DA:9,1
DA:29,1
DA:31,1
DA:32,1
DA:33,1
DA:35,12
DA:38,12
DA:39,12
DA:40,12
DA:41,12
DA:44,1
DA:45,13
DA:46,13
DA:49,5
DA:50,5
DA:51,5
DA:52,5
DA:53,5
DA:54,5
DA:55,4
DA:56,4
DA:57,0
DA:58,0
DA:59,0
DA:62,4
DA:66,5
DA:71,1
DA:72,1
DA:75,1
DA:76,1
DA:77,1
DA:80,1
LF:38
LH:35
BRDA:54,0,0,4
BRDA:54,0,1,1
BRDA:56,1,0,0
BRDA:56,1,1,4
BRDA:76,2,0,0
BRDA:76,2,1,1
BRDA:31,3,0,1
BRDA:31,3,1,0
BRDA:31,4,0,1
BRDA:32,5,0,1
BRDA:32,5,1,0
BRDA:32,6,0,1
BRDA:38,7,0,1
BRDA:38,7,1,0
BRDA:38,8,0,1
BRDA:38,9,0,1
BRDA:38,9,1,1
BRDA:38,9,2,0
BRDA:38,10,0,1
BRDA:38,10,1,1
BRDA:39,11,0,1
BRDA:39,11,1,1
BRDA:39,11,2,0
BRDA:39,12,0,1
BRDA:39,12,1,1
BRDA:40,13,0,1
BRDA:40,13,1,1
BRDA:40,13,2,0
BRDA:40,14,0,1
BRDA:40,14,1,1
BRF:30
BRH:22
end_of_record
TN:
SF:C:\Users\leila\Documents\fitapp\src\app\home\home.component.ts
FN:38,(anonymous_2)
FN:54,HomeComponent
FN:60,(anonymous_4)
FN:63,(anonymous_5)
FN:65,(anonymous_6)
FN:75,(anonymous_7)
FN:79,(anonymous_8)
FNF:7
FNH:4
FNDA:1,(anonymous_2)
FNDA:4,HomeComponent
FNDA:5,(anonymous_4)
FNDA:0,(anonymous_5)
FNDA:0,(anonymous_6)
FNDA:16,(anonymous_7)
FNDA:0,(anonymous_8)
DA:1,1
DA:3,1
DA:12,1
DA:13,1
DA:14,1
DA:15,1
DA:17,1
DA:38,1
DA:39,4
DA:41,1
DA:42,1
DA:43,1
DA:44,5
DA:52,4
DA:55,4
DA:56,4
DA:57,4
DA:60,5
DA:63,5
DA:64,0
DA:65,0
DA:68,5
DA:72,5
DA:75,1
DA:76,16
DA:79,1
DA:80,0
DA:82,1
LF:28
LH:25
BRDA:41,0,0,1
BRDA:41,0,1,0
BRDA:41,1,0,1
BRDA:42,2,0,1
BRDA:42,2,1,0
BRDA:42,3,0,1
BRDA:44,4,0,1
BRDA:44,4,1,0
BRDA:44,5,0,1
BRDA:55,6,0,1
BRDA:55,6,1,0
BRDA:55,7,0,1
BRDA:55,8,0,1
BRDA:55,8,1,1
BRDA:55,8,2,0
BRDA:55,9,0,1
BRDA:55,9,1,1
BRDA:56,10,0,1
BRDA:56,10,1,1
BRDA:56,10,2,0
BRDA:56,11,0,1
BRDA:56,11,1,1
BRF:22
BRH:16
end_of_record
TN:
SF:C:\Users\leila\Documents\fitapp\src\app\home\body-type\body-type.component.ts
FN:15,(anonymous_2)
FN:68,BodyTypeComponent
FN:73,(anonymous_4)
FN:86,(anonymous_5)
FN:90,(anonymous_6)
FN:94,(anonymous_7)
FN:108,(anonymous_8)
FN:117,(anonymous_9)
FN:127,(anonymous_10)
FN:131,(anonymous_11)
FNF:10
FNH:9
FNDA:1,(anonymous_2)
FNDA:8,BodyTypeComponent
FNDA:9,(anonymous_4)
FNDA:8,(anonymous_5)
FNDA:1,(anonymous_6)
FNDA:2,(anonymous_7)
FNDA:2,(anonymous_8)
FNDA:1,(anonymous_9)
FNDA:0,(anonymous_10)
FNDA:3,(anonymous_11)
DA:1,1
DA:3,1
DA:5,1
DA:6,1
DA:7,1
DA:15,1
DA:16,1
DA:17,1
DA:19,8
DA:21,8
DA:23,8
DA:24,8
DA:69,8
DA:70,8
DA:73,1
DA:74,9
DA:75,9
DA:76,9
DA:79,9
DA:80,1
DA:83,9
DA:86,1
DA:87,8
DA:90,1
DA:91,1
DA:94,1
DA:95,2
DA:96,2
DA:97,2
DA:98,2
DA:100,0
DA:108,2
DA:110,2
DA:111,2
DA:112,2
DA:113,1
DA:116,1
DA:117,1
DA:120,0
DA:121,0
DA:122,0
DA:125,0
DA:126,0
DA:127,0
DA:131,1
DA:132,3
DA:133,3
DA:137,1
LF:48
LH:41
BRDA:79,0,0,1
BRDA:79,0,1,8
BRDA:97,1,0,2
BRDA:97,1,1,0
BRDA:110,2,0,2
BRDA:110,2,1,0
BRDA:112,3,0,1
BRDA:112,3,1,1
BRDA:120,4,0,0
BRDA:120,4,1,0
BRDA:16,5,0,1
BRDA:16,5,1,0
BRDA:16,6,0,1
BRDA:17,7,0,1
BRDA:17,7,1,0
BRDA:17,8,0,1
BRDA:69,9,0,1
BRDA:69,9,1,0
BRDA:69,10,0,1
BRDA:69,11,0,1
BRDA:69,11,1,1
BRDA:69,11,2,0
BRDA:69,12,0,1
BRDA:69,12,1,1
BRF:24
BRH:16
end_of_record
TN:
SF:C:\Users\leila\Documents\fitapp\src\app\home\email-form\email-form.component.ts
FN:28,(anonymous_2)
FN:33,EmailFormComponent
FN:39,(anonymous_4)
FN:45,(anonymous_5)
FN:57,(anonymous_6)
FN:63,(anonymous_7)
FN:70,(anonymous_8)
FN:74,(anonymous_9)
FNF:8
FNH:8
FNDA:1,(anonymous_2)
FNDA:8,EmailFormComponent
FNDA:8,(anonymous_4)
FNDA:4,(anonymous_5)
FNDA:2,(anonymous_6)
FNDA:2,(anonymous_7)
FNDA:2,(anonymous_8)
FNDA:2,(anonymous_9)
DA:1,1
DA:10,1
DA:12,1
DA:13,1
DA:15,1
DA:18,1
DA:28,1
DA:29,1
DA:34,8
DA:35,8
DA:36,8
DA:39,1
DA:41,8
DA:42,8
DA:45,4
DA:46,4
DA:47,4
DA:49,4
DA:50,2
DA:51,2
DA:52,2
DA:54,2
DA:55,2
DA:56,2
DA:58,2
DA:61,4
DA:63,2
DA:64,2
DA:65,2
DA:66,2
DA:67,2
DA:68,0
DA:69,2
DA:70,2
DA:74,1
DA:75,2
DA:76,1
DA:77,0
DA:78,0
DA:79,0
DA:81,1
DA:86,1
LF:42
LH:38
BRDA:47,0,0,2
BRDA:47,0,1,2
BRDA:49,1,0,2
BRDA:49,1,1,2
BRDA:65,2,0,0
BRDA:65,2,1,2
BRDA:66,3,0,2
BRDA:66,3,1,0
BRDA:68,4,0,0
BRDA:68,4,1,0
BRDA:75,5,0,1
BRDA:75,5,1,1
BRDA:76,6,0,0
BRDA:76,6,1,1
BRDA:82,7,0,0
BRDA:82,7,1,1
BRDA:29,8,0,1
BRDA:29,8,1,0
BRDA:29,9,0,1
BRDA:34,10,0,1
BRDA:34,10,1,0
BRDA:34,11,0,1
BRDA:34,12,0,1
BRDA:34,12,1,1
BRDA:34,12,2,0
BRDA:34,13,0,1
BRDA:34,13,1,1
BRDA:35,14,0,1
BRDA:35,14,1,1
BRDA:35,14,2,0
BRDA:35,15,0,1
BRDA:35,15,1,1
BRF:32
BRH:22
end_of_record
TN:
SF:C:\Users\leila\Documents\fitapp\src\app\home\home-routing\home-routing.service.ts
FN:8,(anonymous_2)
FN:31,HomeRoutingService
FN:39,(anonymous_4)
FN:122,(anonymous_5)
FN:126,(anonymous_6)
FN:140,(anonymous_7)
FNF:6
FNH:5
FNDA:1,(anonymous_2)
FNDA:76,HomeRoutingService
FNDA:37,(anonymous_4)
FNDA:1,(anonymous_5)
FNDA:0,(anonymous_6)
FNDA:38,(anonymous_7)
DA:1,1
DA:2,1
DA:3,1
DA:5,1
DA:8,1
DA:13,76
DA:15,76
DA:18,76
DA:27,76
DA:29,76
DA:32,76
DA:33,76
DA:39,1
DA:40,37
DA:41,37
DA:44,37
DA:45,23
DA:46,30
DA:51,37
DA:54,7
DA:55,4
DA:56,3
DA:57,1
DA:59,2
DA:62,1
DA:66,3
DA:67,0
DA:68,3
DA:69,3
DA:72,7
DA:75,1
DA:76,1
DA:79,3
DA:80,3
DA:83,18
DA:84,15
DA:85,0
DA:87,15
DA:88,15
DA:91,3
DA:93,18
DA:96,2
DA:97,2
DA:100,4
DA:101,1
DA:103,3
DA:104,3
DA:106,4
DA:109,1
DA:110,1
DA:113,1
DA:114,1
DA:118,37
DA:119,37
DA:122,1
DA:125,1
DA:126,0
DA:127,0
DA:128,0
DA:129,0
DA:131,0
DA:135,1
DA:137,1
DA:140,1
DA:141,38
DA:145,1
LF:66
LH:59
BRDA:41,0,0,37
BRDA:41,0,1,0
BRDA:44,1,0,23
BRDA:44,1,1,14
BRDA:53,2,0,7
BRDA:53,2,1,1
BRDA:53,2,2,3
BRDA:53,2,3,18
BRDA:53,2,4,2
BRDA:53,2,5,4
BRDA:53,2,6,1
BRDA:53,2,7,1
BRDA:54,3,0,4
BRDA:54,3,1,3
BRDA:55,4,0,3
BRDA:55,4,1,1
BRDA:56,5,0,1
BRDA:56,5,1,2
BRDA:66,6,0,0
BRDA:66,6,1,3
BRDA:68,7,0,3
BRDA:68,7,1,0
BRDA:83,8,0,15
BRDA:83,8,1,3
BRDA:84,9,0,0
BRDA:84,9,1,15
BRDA:87,10,0,15
BRDA:87,10,1,0
BRDA:100,11,0,1
BRDA:100,11,1,3
BRDA:103,12,0,3
BRDA:103,12,1,0
BRDA:125,13,0,0
BRDA:125,13,1,1
BRDA:126,14,0,0
BRDA:126,14,1,0
BRDA:127,15,0,0
BRDA:127,15,1,0
BRF:38
BRH:27
end_of_record
TN:
SF:C:\Users\leila\Documents\fitapp\src\app\home\loader\loader.component.ts
FN:17,(anonymous_2)
FN:25,LoaderComponent
FN:31,(anonymous_4)
FN:34,(anonymous_5)
FN:40,(anonymous_6)
FN:47,(anonymous_7)
FN:50,(anonymous_8)
FN:63,(anonymous_9)
FN:66,(anonymous_10)
FN:69,(anonymous_11)
FNF:10
FNH:6
FNDA:1,(anonymous_2)
FNDA:6,LoaderComponent
FNDA:8,(anonymous_4)
FNDA:0,(anonymous_5)
FNDA:0,(anonymous_6)
FNDA:0,(anonymous_7)
FNDA:0,(anonymous_8)
FNDA:1,(anonymous_9)
FNDA:1,(anonymous_10)
FNDA:7,(anonymous_11)
DA:1,1
DA:4,1
DA:5,1
DA:6,1
DA:7,1
DA:17,1
DA:18,1
DA:19,1
DA:21,6
DA:26,6
DA:27,6
DA:28,6
DA:31,8
DA:32,8
DA:33,8
DA:35,0
DA:36,0
DA:37,0
DA:38,0
DA:41,0
DA:42,0
DA:43,0
DA:47,8
DA:48,8
DA:50,1
DA:51,0
DA:52,0
DA:53,0
DA:54,0
DA:55,0
DA:57,0
DA:58,0
DA:63,1
DA:64,1
DA:66,1
DA:67,1
DA:69,1
DA:70,7
DA:71,7
DA:73,7
DA:77,1
LF:41
LH:27
BRDA:53,0,0,0
BRDA:53,0,1,0
BRDA:54,1,0,0
BRDA:54,1,1,0
BRDA:70,2,0,7
BRDA:70,2,1,0
BRDA:18,3,0,1
BRDA:18,3,1,0
BRDA:18,4,0,1
BRDA:19,5,0,1
BRDA:19,5,1,0
BRDA:19,6,0,1
BRDA:26,7,0,1
BRDA:26,7,1,0
BRDA:26,8,0,1
BRDA:26,9,0,1
BRDA:26,9,1,1
BRDA:26,9,2,0
BRDA:26,10,0,1
BRDA:26,10,1,1
BRDA:27,11,0,1
BRDA:27,11,1,1
BRDA:27,11,2,0
BRDA:27,12,0,1
BRDA:27,12,1,1
BRF:25
BRH:15
end_of_record
TN:
SF:C:\Users\leila\Documents\fitapp\src\app\home\measurement-form\measurement-form.component.ts
FN:29,(anonymous_2)
FN:42,MeasurementFormComponent
FN:51,(anonymous_4)
FN:61,(anonymous_5)
FN:64,(anonymous_6)
FN:78,(anonymous_7)
FN:84,(anonymous_8)
FN:85,(anonymous_9)
FN:86,(anonymous_10)
FN:97,(anonymous_11)
FN:109,(anonymous_12)
FN:112,(anonymous_13)
FN:127,(anonymous_14)
FN:134,(anonymous_15)
FN:140,(anonymous_16)
FN:143,(anonymous_17)
FN:148,(anonymous_18)
FN:151,(anonymous_19)
FN:157,(anonymous_20)
FN:163,(anonymous_21)
FNF:20
FNH:12
FNDA:1,(anonymous_2)
FNDA:8,MeasurementFormComponent
FNDA:9,(anonymous_4)
FNDA:9,(anonymous_5)
FNDA:1,(anonymous_6)
FNDA:5,(anonymous_7)
FNDA:0,(anonymous_8)
FNDA:0,(anonymous_9)
FNDA:0,(anonymous_10)
FNDA:0,(anonymous_11)
FNDA:0,(anonymous_12)
FNDA:0,(anonymous_13)
FNDA:0,(anonymous_14)
FNDA:0,(anonymous_15)
FNDA:10,(anonymous_16)
FNDA:63,(anonymous_17)
FNDA:7,(anonymous_18)
FNDA:6,(anonymous_19)
FNDA:1,(anonymous_20)
FNDA:1,(anonymous_21)
DA:1,1
DA:11,1
DA:12,1
DA:13,1
DA:14,1
DA:15,1
DA:16,1
DA:19,1
DA:29,1
DA:31,1
DA:32,1
DA:43,8
DA:44,8
DA:45,8
DA:46,8
DA:47,8
DA:51,1
DA:52,9
DA:53,9
DA:55,9
DA:56,9
DA:57,9
DA:58,9
DA:59,9
DA:60,9
DA:61,9
DA:64,1
DA:65,1
DA:66,1
DA:68,1
DA:70,1
DA:71,1
DA:78,5
DA:79,5
DA:80,5
DA:81,5
DA:84,0
DA:85,0
DA:86,0
DA:87,0
DA:88,0
DA:97,0
DA:98,0
DA:99,0
DA:101,0
DA:102,0
DA:103,0
DA:104,0
DA:105,0
DA:106,0
DA:109,0
DA:110,0
DA:112,0
DA:114,0
DA:115,0
DA:117,0
DA:119,0
DA:124,0
DA:125,0
DA:126,0
DA:127,0
DA:129,0
DA:133,0
DA:134,0
DA:136,0
DA:137,0
DA:140,1
DA:141,10
DA:143,9
DA:144,63
DA:148,1
DA:149,7
DA:151,1
DA:152,6
DA:157,1
DA:158,1
DA:159,1
DA:160,1
DA:163,1
DA:164,1
DA:165,1
DA:167,1
LF:82
LH:52
BRDA:61,0,0,9
BRDA:61,0,1,0
BRDA:65,1,0,0
BRDA:65,1,1,1
BRDA:80,2,0,5
BRDA:80,2,1,0
BRDA:87,3,0,0
BRDA:87,3,1,0
BRDA:98,4,0,0
BRDA:98,4,1,0
BRDA:101,5,0,0
BRDA:101,5,1,0
BRDA:114,6,0,0
BRDA:114,6,1,0
BRDA:124,7,0,0
BRDA:124,7,1,0
BRDA:141,8,0,9
BRDA:141,8,1,1
BRDA:31,9,0,1
BRDA:31,9,1,0
BRDA:31,10,0,1
BRDA:32,11,0,1
BRDA:32,11,1,0
BRDA:32,12,0,1
BRDA:43,13,0,1
BRDA:43,13,1,0
BRDA:43,14,0,1
BRDA:43,15,0,1
BRDA:43,15,1,1
BRDA:43,15,2,0
BRDA:43,16,0,1
BRDA:43,16,1,1
BRDA:44,17,0,1
BRDA:44,17,1,1
BRDA:44,17,2,0
BRDA:44,18,0,1
BRDA:44,18,1,1
BRDA:45,19,0,1
BRDA:45,19,1,1
BRDA:45,19,2,0
BRDA:45,20,0,1
BRDA:45,20,1,1
BRDA:46,21,0,1
BRDA:46,21,1,1
BRDA:46,21,2,0
BRDA:46,22,0,1
BRDA:46,22,1,1
BRF:47
BRH:27
end_of_record
TN:
SF:C:\Users\leila\Documents\fitapp\src\app\home\measurement-form\measurement-form.service.ts
FN:9,(anonymous_2)
FN:12,MeasurementFormService
FN:15,(anonymous_4)
FN:16,(anonymous_5)
FN:21,(anonymous_6)
FN:52,(anonymous_7)
FN:57,(anonymous_8)
FNF:7
FNH:4
FNDA:1,(anonymous_2)
FNDA:8,MeasurementFormService
FNDA:0,(anonymous_4)
FNDA:0,(anonymous_5)
FNDA:9,(anonymous_6)
FNDA:81,(anonymous_7)
FNDA:0,(anonymous_8)
DA:1,1
DA:3,1
DA:4,1
DA:6,1
DA:9,1
DA:10,8
DA:15,1
DA:16,0
DA:17,0
DA:21,1
DA:22,9
DA:23,9
DA:24,9
DA:25,9
DA:26,18
DA:27,18
DA:28,126
DA:29,126
DA:30,126
DA:36,126
DA:37,99
DA:38,99
DA:39,99
DA:40,81
DA:41,81
DA:43,18
DA:44,18
DA:45,18
DA:46,18
DA:49,27
DA:50,99
DA:52,81
DA:54,9
DA:57,1
DA:59,0
DA:60,0
DA:62,0
DA:63,0
DA:65,0
DA:66,0
DA:68,0
DA:69,0
DA:71,0
DA:74,0
DA:75,0
DA:77,0
DA:81,0
DA:83,1
LF:48
LH:33
BRDA:36,0,0,99
BRDA:36,0,1,27
BRDA:38,1,0,36
BRDA:38,1,1,63
BRDA:38,2,0,0
BRDA:38,2,1,36
BRDA:39,3,0,81
BRDA:39,3,1,18
BRDA:43,4,0,18
BRDA:43,4,1,0
BRDA:59,5,0,0
BRDA:59,5,1,0
BRDA:61,6,0,0
BRDA:61,6,1,0
BRDA:61,6,2,0
BRDA:61,6,3,0
BRDA:74,7,0,0
BRDA:74,7,1,0
BRDA:76,8,0,0
BRF:19
BRH:8
end_of_record
TN:
SF:C:\Users\leila\Documents\fitapp\src\app\home\measurement-history\measurement-history.component.ts
FN:18,(anonymous_2)
FN:19,MeasurementHistoryComponent
FN:31,(anonymous_4)
FN:37,(anonymous_5)
FN:49,(anonymous_6)
FN:59,(anonymous_7)
FN:73,(anonymous_8)
FN:75,(anonymous_9)
FNF:8
FNH:8
FNDA:1,(anonymous_2)
FNDA:10,MeasurementHistoryComponent
FNDA:10,(anonymous_4)
FNDA:17,(anonymous_5)
FNDA:12,(anonymous_6)
FNDA:1,(anonymous_7)
FNDA:2,(anonymous_8)
FNDA:2,(anonymous_9)
DA:1,1
DA:3,1
DA:4,1
DA:6,1
DA:7,1
DA:18,1
DA:20,10
DA:21,10
DA:22,10
DA:25,1
DA:26,11
DA:31,1
DA:32,10
DA:33,10
DA:34,10
DA:37,1
DA:38,17
DA:39,17
DA:40,17
DA:41,15
DA:42,2
DA:43,2
DA:49,12
DA:50,12
DA:51,1
DA:52,1
DA:53,21
DA:55,1
DA:56,1
DA:57,1
DA:58,1
DA:59,1
DA:61,11
DA:68,12
DA:73,2
DA:74,2
DA:76,2
DA:77,2
DA:78,2
DA:79,1
DA:80,1
DA:83,2
DA:85,1
LF:43
LH:43
BRDA:40,0,0,15
BRDA:40,0,1,2
BRDA:42,1,0,2
BRDA:42,1,1,0
BRDA:50,2,0,1
BRDA:50,2,1,11
BRDA:59,3,0,0
BRDA:59,3,1,1
BRDA:78,4,0,1
BRDA:78,4,1,1
BRDA:78,5,0,2
BRDA:78,5,1,1
BRDA:25,6,0,1
BRDA:25,6,1,0
BRDA:25,7,0,1
BRDA:20,8,0,1
BRDA:20,8,1,0
BRDA:20,9,0,1
BRDA:20,10,0,1
BRDA:20,10,1,1
BRDA:20,10,2,0
BRDA:20,11,0,1
BRDA:20,11,1,1
BRDA:21,12,0,1
BRDA:21,12,1,1
BRDA:21,12,2,0
BRDA:21,13,0,1
BRDA:21,13,1,1
BRF:28
BRH:22
end_of_record
TN:
SF:C:\Users\leila\Documents\fitapp\src\app\home\password-authentification\password-authentification.component.ts
FN:18,(anonymous_2)
FN:22,PasswordAuthentificationComponent
FN:27,(anonymous_4)
FN:32,(anonymous_5)
FN:36,(anonymous_6)
FNF:5
FNH:3
FNDA:1,(anonymous_2)
FNDA:5,PasswordAuthentificationComponent
FNDA:6,(anonymous_4)
FNDA:0,(anonymous_5)
FNDA:0,(anonymous_6)
DA:1,1
DA:3,1
DA:4,1
DA:6,1
DA:7,1
DA:18,1
DA:19,1
DA:23,5
DA:24,5
DA:25,5
DA:27,1
DA:28,6
DA:29,6
DA:30,6
DA:32,1
DA:33,0
DA:34,0
DA:35,0
DA:37,0
DA:38,0
DA:39,0
DA:41,0
DA:48,1
LF:23
LH:16
BRDA:33,0,0,0
BRDA:33,0,1,0
BRDA:38,1,0,0
BRDA:38,1,1,0
BRDA:19,2,0,1
BRDA:19,2,1,0
BRDA:19,3,0,1
BRDA:23,4,0,1
BRDA:23,4,1,0
BRDA:23,5,0,1
BRDA:23,6,0,1
BRDA:23,6,1,1
BRDA:23,6,2,0
BRDA:23,7,0,1
BRDA:23,7,1,1
BRDA:24,8,0,1
BRDA:24,8,1,1
BRDA:24,8,2,0
BRDA:24,9,0,1
BRDA:24,9,1,1
BRF:20
BRH:12
end_of_record
TN:
SF:C:\Users\leila\Documents\fitapp\src\app\home\password-registration\password-registration.component.ts
FN:17,(anonymous_2)
FN:22,PasswordRegistrationComponent
FN:28,(anonymous_4)
FN:35,(anonymous_5)
FN:39,(anonymous_6)
FNF:5
FNH:5
FNDA:1,(anonymous_2)
FNDA:8,PasswordRegistrationComponent
FNDA:8,(anonymous_4)
FNDA:2,(anonymous_5)
FNDA:2,(anonymous_6)
DA:1,1
DA:3,1
DA:4,1
DA:5,1
DA:6,1
DA:17,1
DA:18,1
DA:19,8
DA:23,8
DA:24,8
DA:25,8
DA:28,1
DA:29,8
DA:30,8
DA:31,8
DA:35,2
DA:37,2
DA:38,2
DA:40,2
DA:41,2
DA:47,1
LF:21
LH:21
BRDA:18,0,0,1
BRDA:18,0,1,0
BRDA:18,1,0,1
BRDA:23,2,0,1
BRDA:23,2,1,0
BRDA:23,3,0,1
BRDA:23,4,0,1
BRDA:23,4,1,1
BRDA:23,4,2,0
BRDA:23,5,0,1
BRDA:23,5,1,1
BRDA:24,6,0,1
BRDA:24,6,1,1
BRDA:24,6,2,0
BRDA:24,7,0,1
BRDA:24,7,1,1
BRF:16
BRH:12
end_of_record
TN:
SF:C:\Users\leila\Documents\fitapp\src\app\home\scan\scan.component.ts
FN:20,(anonymous_2)
FN:39,ScanComponent
FN:46,(anonymous_4)
FN:54,(anonymous_5)
FN:55,(anonymous_6)
FN:55,(anonymous_7)
FN:57,(anonymous_8)
FN:67,(anonymous_9)
FN:71,(anonymous_10)
FN:80,(anonymous_11)
FN:88,(anonymous_12)
FN:96,(anonymous_13)
FN:101,(anonymous_14)
FN:108,(anonymous_15)
FN:126,(anonymous_16)
FN:134,(anonymous_17)
FN:142,(anonymous_18)
FN:146,(anonymous_19)
FN:150,(anonymous_20)
FN:153,(anonymous_21)
FNF:20
FNH:9
FNDA:1,(anonymous_2)
FNDA:2,ScanComponent
FNDA:3,(anonymous_4)
FNDA:3,(anonymous_5)
FNDA:6,(anonymous_6)
FNDA:0,(anonymous_7)
FNDA:0,(anonymous_8)
FNDA:1,(anonymous_9)
FNDA:0,(anonymous_10)
FNDA:0,(anonymous_11)
FNDA:0,(anonymous_12)
FNDA:0,(anonymous_13)
FNDA:0,(anonymous_14)
FNDA:0,(anonymous_15)
FNDA:1,(anonymous_16)
FNDA:0,(anonymous_17)
FNDA:0,(anonymous_18)
FNDA:0,(anonymous_19)
FNDA:2,(anonymous_20)
FNDA:6,(anonymous_21)
DA:1,1
DA:2,1
DA:6,1
DA:9,1
DA:10,1
DA:12,1
DA:20,1
DA:28,2
DA:34,2
DA:40,2
DA:41,2
DA:42,2
DA:46,1
DA:47,3
DA:48,3
DA:49,3
DA:50,3
DA:54,3
DA:55,6
DA:56,0
DA:58,0
DA:59,0
DA:60,0
DA:61,0
DA:65,3
DA:66,3
DA:67,3
DA:71,1
DA:72,0
DA:73,0
DA:74,0
DA:76,0
DA:77,0
DA:78,0
DA:79,0
DA:80,0
DA:81,0
DA:84,0
DA:85,0
DA:87,0
DA:88,0
DA:89,0
DA:96,1
DA:97,0
DA:98,0
DA:99,0
DA:100,0
DA:101,0
DA:103,0
DA:108,1
DA:109,0
DA:110,0
DA:112,0
DA:113,0
DA:114,0
DA:115,0
DA:116,0
DA:117,0
DA:118,0
DA:119,0
DA:120,0
DA:121,0
DA:122,0
DA:126,1
DA:127,1
DA:128,0
DA:129,0
DA:130,0
DA:134,1
DA:135,0
DA:138,0
DA:139,0
DA:142,1
DA:143,0
DA:146,1
DA:147,0
DA:150,1
DA:151,2
DA:152,2
DA:153,6
DA:155,1
LF:81
LH:35
BRDA:58,0,0,0
BRDA:58,0,1,0
BRDA:60,1,0,0
BRDA:60,1,1,0
BRDA:73,2,0,0
BRDA:73,2,1,0
BRDA:75,3,0,0
BRDA:75,3,1,0
BRDA:84,4,0,0
BRDA:84,4,1,0
BRDA:97,5,0,0
BRDA:97,5,1,0
BRDA:109,6,0,0
BRDA:109,6,1,0
BRDA:115,7,0,0
BRDA:115,7,1,0
BRDA:118,8,0,0
BRDA:118,8,1,0
BRDA:119,9,0,0
BRDA:119,9,1,0
BRDA:127,10,0,0
BRDA:127,10,1,1
BRDA:129,11,0,0
BRDA:129,11,1,0
BRDA:153,12,0,2
BRDA:153,12,1,4
BRDA:40,13,0,1
BRDA:40,13,1,0
BRDA:40,14,0,1
BRDA:40,15,0,1
BRDA:40,15,1,1
BRDA:40,15,2,0
BRDA:40,16,0,1
BRDA:40,16,1,1
BRDA:41,17,0,1
BRDA:41,17,1,1
BRDA:41,17,2,0
BRDA:41,18,0,1
BRDA:41,18,1,1
BRF:39
BRH:13
end_of_record
TN:
SF:C:\Users\leila\Documents\fitapp\src\app\home\scan-instruction\scan-instruction.component.ts
FN:10,(anonymous_2)
FN:12,ScanInstructionComponent
FN:16,(anonymous_4)
FN:20,(anonymous_5)
FN:25,(anonymous_6)
FNF:5
FNH:3
FNDA:1,(anonymous_2)
FNDA:1,ScanInstructionComponent
FNDA:1,(anonymous_4)
FNDA:0,(anonymous_5)
FNDA:0,(anonymous_6)
DA:1,1
DA:2,1
DA:10,1
DA:12,1
DA:14,1
DA:16,1
DA:17,1
DA:20,1
DA:21,0
DA:22,0
DA:25,1
DA:26,0
DA:29,1
LF:13
LH:10
BRDA:12,0,0,1
BRDA:12,0,1,0
BRDA:12,1,0,1
BRF:3
BRH:2
end_of_record
TN:
SF:C:\Users\leila\Documents\fitapp\src\app\shared\humanize.pipe.ts
FN:6,(anonymous_1)
FN:6,HumanizePipe
FN:8,(anonymous_3)
FNF:3
FNH:2
FNDA:1,(anonymous_1)
FNDA:10,HumanizePipe
FNDA:0,(anonymous_3)
DA:1,1
DA:6,1
DA:8,1
DA:9,0
DA:10,0
DA:11,0
DA:13,0
DA:14,1
LF:8
LH:4
BRF:0
BRH:0
end_of_record
TN:
SF:C:\Users\leila\Documents\fitapp\src\app\shared\product-size-display.pipe.ts
FN:6,(anonymous_1)
FN:6,ProductSizeDisplayPipe
FN:8,(anonymous_3)
FN:16,(anonymous_4)
FNF:4
FNH:2
FNDA:1,(anonymous_1)
FNDA:10,ProductSizeDisplayPipe
FNDA:0,(anonymous_3)
FNDA:0,(anonymous_4)
DA:1,1
DA:6,1
DA:8,1
DA:9,0
DA:10,0
DA:12,0
DA:13,0
DA:14,0
DA:15,0
DA:16,0
DA:17,0
DA:19,0
DA:22,1
LF:13
LH:4
BRDA:9,0,0,0
BRDA:9,0,1,0
BRDA:13,1,0,0
BRDA:13,1,1,0
BRDA:16,2,0,0
BRDA:16,2,1,0
BRDA:16,3,0,0
BRDA:16,3,1,0
BRF:8
BRH:0
end_of_record
TN:
SF:C:\Users\leila\Documents\fitapp\src\app\shared\clients\client.model.ts
FN:8,(anonymous_2)
FN:17,ClientMetadata
FN:36,(anonymous_4)
FN:45,ClientCaptureMetric
FN:61,(anonymous_6)
FN:68,(anonymous_7)
FN:77,ClientCapture
FN:89,(anonymous_9)
FN:104,Client
FNF:9
FNH:8
FNDA:1,(anonymous_2)
FNDA:13,ClientMetadata
FNDA:1,(anonymous_4)
FNDA:25,ClientCaptureMetric
FNDA:0,(anonymous_6)
FNDA:1,(anonymous_7)
FNDA:36,ClientCapture
FNDA:1,(anonymous_9)
FNDA:92,Client
DA:6,1
DA:8,1
DA:11,1
DA:18,13
DA:19,13
DA:20,13
DA:21,13
DA:22,13
DA:23,13
DA:24,13
DA:25,2
DA:27,13
DA:28,2
DA:30,13
DA:31,0
DA:34,1
DA:36,1
DA:39,1
DA:46,25
DA:47,25
DA:48,25
DA:49,25
DA:50,25
DA:51,25
DA:52,25
DA:53,25
DA:55,25
DA:56,25
DA:61,1
DA:62,0
DA:66,1
DA:68,1
DA:71,1
DA:73,1
DA:78,36
DA:79,36
DA:80,36
DA:81,36
DA:82,36
DA:83,36
DA:84,36
DA:85,36
DA:87,1
DA:89,1
DA:99,1
DA:101,1
DA:106,92
DA:107,92
DA:108,92
DA:109,92
DA:110,92
DA:111,92
DA:112,92
DA:113,92
DA:114,92
DA:115,92
DA:118,1
LF:57
LH:55
BRDA:24,0,0,2
BRDA:24,0,1,11
BRDA:27,1,0,2
BRDA:27,1,1,11
BRDA:30,2,0,0
BRDA:30,2,1,13
BRDA:52,3,0,25
BRDA:52,3,1,0
BRDA:55,4,0,25
BRDA:55,4,1,0
BRDA:55,5,0,25
BRDA:55,5,1,4
BRDA:83,6,0,0
BRDA:83,6,1,36
BRDA:84,7,0,0
BRDA:84,7,1,36
BRDA:85,8,0,0
BRDA:85,8,1,36
BRF:18
BRH:12
end_of_record
TN:
SF:C:\Users\leila\Documents\fitapp\src\app\shared\clients\client.service.ts
FN:14,(anonymous_2)
FN:33,ClientService
FN:40,(anonymous_4)
FN:45,(anonymous_5)
FN:50,(anonymous_6)
FN:54,(anonymous_7)
FN:58,(anonymous_8)
FN:63,(anonymous_9)
FN:71,(anonymous_10)
FN:75,(anonymous_11)
FN:79,(anonymous_12)
FN:83,(anonymous_13)
FN:88,(anonymous_14)
FN:96,(anonymous_15)
FN:100,(anonymous_16)
FN:105,(anonymous_17)
FN:108,(anonymous_18)
FN:116,(anonymous_19)
FN:120,(anonymous_20)
FN:125,(anonymous_21)
FN:142,(anonymous_22)
FNF:21
FNH:12
FNDA:1,(anonymous_2)
FNDA:64,ClientService
FNDA:7,(anonymous_4)
FNDA:0,(anonymous_5)
FNDA:4,(anonymous_6)
FNDA:4,(anonymous_7)
FNDA:5,(anonymous_8)
FNDA:5,(anonymous_9)
FNDA:2,(anonymous_10)
FNDA:2,(anonymous_11)
FNDA:2,(anonymous_12)
FNDA:2,(anonymous_13)
FNDA:0,(anonymous_14)
FNDA:0,(anonymous_15)
FNDA:0,(anonymous_16)
FNDA:0,(anonymous_17)
FNDA:0,(anonymous_18)
FNDA:0,(anonymous_19)
FNDA:0,(anonymous_20)
FNDA:7,(anonymous_21)
FNDA:0,(anonymous_22)
DA:1,1
DA:2,1
DA:4,1
DA:5,1
DA:7,1
DA:10,1
DA:11,1
DA:14,1
DA:23,64
DA:25,64
DA:29,64
DA:30,64
DA:33,64
DA:34,64
DA:35,64
DA:36,64
DA:40,1
DA:41,7
DA:45,1
DA:46,0
DA:50,4
DA:51,4
DA:54,4
DA:58,5
DA:59,5
DA:64,5
DA:71,1
DA:72,2
DA:75,2
DA:79,2
DA:80,2
DA:83,2
DA:88,1
DA:91,0
DA:92,0
DA:93,0
DA:96,0
DA:100,1
DA:102,0
DA:105,0
DA:108,1
DA:109,0
DA:113,0
DA:116,0
DA:120,1
DA:121,0
DA:122,0
DA:125,1
DA:128,7
DA:129,7
DA:130,7
DA:131,7
DA:142,1
DA:143,0
DA:144,0
DA:145,0
DA:146,0
DA:150,1
LF:58
LH:42
BRDA:65,0,0,1
BRDA:65,0,1,4
BRDA:75,1,0,2
BRDA:75,1,1,0
BRDA:122,2,0,0
BRDA:122,2,1,0
BRDA:128,3,0,7
BRDA:128,3,1,0
BRDA:143,4,0,0
BRDA:143,4,1,0
BRDA:33,5,0,1
BRDA:33,5,1,0
BRDA:33,6,0,1
BRF:13
BRH:6
end_of_record
TN:
SF:C:\Users\leila\Documents\fitapp\src\app\shared\custom-routing\custom-routing.service.ts
FN:6,(anonymous_2)
FN:8,CustomRoutingService
FN:15,(anonymous_4)
FNF:3
FNH:2
FNDA:1,(anonymous_2)
FNDA:26,CustomRoutingService
FNDA:0,(anonymous_4)
DA:1,1
DA:2,1
DA:3,1
DA:6,1
DA:11,26
DA:13,26
DA:15,1
DA:16,0
DA:19,1
LF:9
LH:8
BRF:0
BRH:0
end_of_record
TN:
SF:C:\Users\leila\Documents\fitapp\src\app\shared\custom-routing\custom-routing.ts
FN:1,(anonymous_0)
FN:5,CustomRouting
FNF:2
FNH:2
FNDA:1,(anonymous_0)
FNDA:80,CustomRouting
DA:1,1
DA:6,80
DA:7,80
DA:9,1
LF:4
LH:4
BRF:0
BRH:0
end_of_record
TN:
SF:C:\Users\leila\Documents\fitapp\src\app\shared\dynamic-form\form-base.ts
FN:1,(anonymous_0)
FN:9,FormBase
FNF:2
FNH:2
FNDA:1,(anonymous_0)
FNDA:99,FormBase
DA:1,1
DA:9,99
DA:18,99
DA:19,99
DA:20,99
DA:21,99
DA:22,99
DA:23,99
DA:24,99
DA:26,1
LF:10
LH:10
BRDA:9,0,0,0
BRDA:9,0,1,99
BRDA:19,1,0,99
BRDA:19,1,1,0
BRDA:20,2,0,99
BRDA:20,2,1,0
BRDA:21,3,0,99
BRDA:21,3,1,0
BRDA:23,4,0,0
BRDA:23,4,1,99
BRDA:24,5,0,99
BRDA:24,5,1,99
BRF:12
BRH:7
end_of_record
TN:
SF:C:\Users\leila\Documents\fitapp\src\app\shared\dynamic-form\form-control.service.ts
FN:7,(anonymous_2)
FN:8,FormControlService
FN:10,(anonymous_4)
FN:13,(anonymous_5)
FNF:4
FNH:4
FNDA:1,(anonymous_2)
FNDA:8,FormControlService
FNDA:10,(anonymous_4)
FNDA:59,(anonymous_5)
DA:1,1
DA:2,1
DA:7,1
DA:10,1
DA:11,10
DA:13,10
DA:14,59
DA:17,10
DA:19,1
LF:9
LH:9
BRDA:14,0,0,39
BRDA:14,0,1,20
BRDA:14,1,0,39
BRDA:14,1,1,39
BRDA:15,2,0,20
BRDA:15,2,1,20
BRF:6
BRH:6
end_of_record
TN:
SF:C:\Users\leila\Documents\fitapp\src\app\shared\dynamic-form\form-dropdown.ts
FN:3,(anonymous_5)
FN:7,DropdownQuestion
FNF:2
FNH:2
FNDA:1,(anonymous_5)
FNDA:18,DropdownQuestion
DA:1,1
DA:3,1
DA:4,18
DA:5,18
DA:7,18
DA:8,18
DA:9,18
DA:11,1
LF:8
LH:8
BRDA:7,0,0,0
BRDA:7,0,1,18
BRDA:8,1,0,18
BRDA:8,1,1,18
BRDA:9,2,0,18
BRDA:9,2,1,0
BRF:6
BRH:4
end_of_record
TN:
SF:C:\Users\leila\Documents\fitapp\src\app\shared\dynamic-form\form-textbox.ts
FN:3,(anonymous_5)
FN:7,TextboxQuestion
FNF:2
FNH:2
FNDA:1,(anonymous_5)
FNDA:81,TextboxQuestion
DA:1,1
DA:3,1
DA:4,81
DA:7,81
DA:8,81
DA:9,81
DA:11,1
LF:7
LH:7
BRDA:7,0,0,0
BRDA:7,0,1,81
BRDA:8,1,0,81
BRDA:8,1,1,81
BRDA:9,2,0,81
BRDA:9,2,1,81
BRF:6
BRH:5
end_of_record
TN:
SF:C:\Users\leila\Documents\fitapp\src\app\shared\email\email.service.ts
FN:8,(anonymous_2)
FN:15,EmailService
FN:17,(anonymous_4)
FN:33,(anonymous_5)
FN:38,(anonymous_6)
FNF:5
FNH:2
FNDA:1,(anonymous_2)
FNDA:18,EmailService
FNDA:0,(anonymous_4)
FNDA:0,(anonymous_5)
FNDA:0,(anonymous_6)
DA:1,1
DA:2,1
DA:3,1
DA:8,1
DA:10,18
DA:11,18
DA:12,18
DA:13,18
DA:15,18
DA:17,1
DA:18,0
DA:19,0
DA:33,0
DA:38,1
DA:39,0
DA:40,0
DA:45,1
LF:17
LH:12
BRDA:18,0,0,0
BRDA:18,0,1,0
BRDA:18,1,0,0
BRDA:18,1,1,0
BRDA:40,2,0,0
BRDA:40,2,1,0
BRDA:15,3,0,1
BRDA:15,3,1,0
BRDA:15,4,0,1
BRF:9
BRH:2
end_of_record
TN:
SF:C:\Users\leila\Documents\fitapp\src\app\shared\form-validation\form-validation.service.ts
FN:9,(anonymous_2)
FN:14,FormValidationService
FN:17,(anonymous_4)
FN:25,(anonymous_5)
FN:33,(anonymous_6)
FN:40,(anonymous_7)
FN:44,(anonymous_8)
FN:52,(anonymous_9)
FN:56,(anonymous_10)
FNF:9
FNH:9
FNDA:1,(anonymous_2)
FNDA:34,FormValidationService
FNDA:21,(anonymous_4)
FNDA:4,(anonymous_5)
FNDA:6,(anonymous_6)
FNDA:3,(anonymous_7)
FNDA:8,(anonymous_8)
FNDA:3,(anonymous_9)
FNDA:45,(anonymous_10)
DA:1,1
DA:3,1
DA:5,1
DA:6,1
DA:7,1
DA:9,1
DA:14,34
DA:17,21
DA:18,21
DA:24,21
DA:26,4
DA:30,21
DA:33,6
DA:34,6
DA:39,6
DA:40,3
DA:42,6
DA:44,8
DA:45,8
DA:51,8
DA:52,3
DA:54,8
DA:56,1
DA:57,45
DA:61,10
DA:63,4
DA:64,4
DA:65,4
DA:66,4
DA:68,3
DA:69,3
DA:70,3
DA:71,3
DA:73,3
DA:74,3
DA:75,3
DA:76,3
DA:81,10
DA:83,10
DA:84,10
DA:85,10
DA:86,0
DA:87,0
DA:88,0
DA:91,0
DA:92,0
DA:93,0
DA:94,0
DA:99,34
DA:102,34
DA:108,34
DA:111,34
DA:117,34
DA:121,34
DA:129,1
LF:55
LH:48
BRDA:57,0,0,35
BRDA:57,0,1,10
BRDA:62,1,0,4
BRDA:62,1,1,3
BRDA:62,1,2,3
BRDA:85,2,0,0
BRDA:85,2,1,10
BRDA:85,3,0,10
BRDA:85,3,1,10
BRDA:85,3,2,0
BRDA:93,4,0,0
BRDA:93,4,1,0
BRDA:14,5,0,1
BRDA:14,5,1,0
BRDA:14,6,0,1
BRDA:14,7,0,1
BRDA:14,7,1,1
BRDA:14,7,2,0
BRDA:14,8,0,1
BRDA:14,8,1,1
BRF:20
BRH:14
end_of_record
TN:
SF:C:\Users\leila\Documents\fitapp\src\app\shared\form-validation\wrong-email.directive.ts
FN:4,emailValidator
FN:5,(anonymous_3)
FN:15,(anonymous_4)
FN:11,WrongEmailDirective
FN:18,(anonymous_6)
FN:20,(anonymous_7)
FNF:6
FNH:3
FNDA:21,emailValidator
FNDA:25,(anonymous_3)
FNDA:1,(anonymous_4)
FNDA:0,WrongEmailDirective
FNDA:0,(anonymous_6)
FNDA:0,(anonymous_7)
DA:1,1
DA:2,1
DA:4,1
DA:5,21
DA:6,25
DA:7,25
DA:8,25
DA:15,1
DA:16,1
DA:17,0
DA:18,1
DA:20,1
DA:21,0
DA:23,1
LF:14
LH:12
BRDA:8,0,0,0
BRDA:8,0,1,25
BRF:2
BRH:1
end_of_record
TN:
SF:C:\Users\leila\Documents\fitapp\src\app\shared\form-validation\wrong-password.directive.ts
FN:4,existPasswordValidator
FN:5,(anonymous_3)
FN:7,(anonymous_4)
FN:9,(anonymous_5)
FN:23,(anonymous_6)
FN:19,WrongPasswordDirective
FN:26,(anonymous_8)
FN:28,(anonymous_9)
FNF:8
FNH:5
FNDA:6,existPasswordValidator
FNDA:2,(anonymous_3)
FNDA:2,(anonymous_4)
FNDA:2,(anonymous_5)
FNDA:1,(anonymous_6)
FNDA:0,WrongPasswordDirective
FNDA:0,(anonymous_8)
FNDA:0,(anonymous_9)
DA:1,1
DA:2,1
DA:4,1
DA:5,6
DA:6,2
DA:7,2
DA:8,2
DA:10,2
DA:11,2
DA:13,0
DA:23,1
DA:24,1
DA:25,0
DA:26,1
DA:28,1
DA:29,0
DA:31,1
LF:17
LH:14
BRDA:10,0,0,2
BRDA:10,0,1,0
BRF:2
BRH:1
end_of_record
TN:
SF:C:\Users\leila\Documents\fitapp\src\app\shared\json-mapper\map-utils.ts
FN:11,JsonProperty
FN:30,(anonymous_1)
FN:31,(anonymous_3)
FN:43,(anonymous_4)
FN:47,(anonymous_5)
FN:51,(anonymous_6)
FN:62,(anonymous_7)
FN:65,(anonymous_8)
FN:66,(anonymous_9)
FN:78,(anonymous_10)
FN:106,(anonymous_11)
FN:110,(anonymous_12)
FN:111,(anonymous_13)
FN:123,(anonymous_14)
FNF:14
FNH:14
FNDA:19,JsonProperty
FNDA:1,(anonymous_1)
FNDA:13,(anonymous_3)
FNDA:22,(anonymous_4)
FNDA:177,(anonymous_5)
FNDA:31,(anonymous_6)
FNDA:18,(anonymous_7)
FNDA:136,(anonymous_8)
FNDA:25,(anonymous_9)
FNDA:11,(anonymous_10)
FNDA:4,(anonymous_11)
FNDA:32,(anonymous_12)
FNDA:6,(anonymous_13)
FNDA:2,(anonymous_14)
DA:6,1
DA:11,1
DA:12,19
DA:13,0
DA:18,19
DA:19,19
DA:30,1
DA:31,1
DA:32,13
DA:36,0
DA:38,13
DA:43,1
DA:44,22
DA:47,1
DA:48,177
DA:51,1
DA:52,31
DA:53,9
DA:54,22
DA:55,22
DA:58,0
DA:62,18
DA:63,18
DA:64,18
DA:65,18
DA:66,136
DA:67,25
DA:68,25
DA:70,25
DA:71,7
DA:72,18
DA:73,18
DA:74,7
DA:75,7
DA:76,7
DA:77,7
DA:78,11
DA:81,0
DA:84,0
DA:87,11
DA:88,0
DA:90,11
DA:94,136
DA:95,136
DA:96,25
DA:98,111
DA:99,102
DA:103,18
DA:106,4
DA:107,4
DA:108,4
DA:109,4
DA:110,4
DA:111,32
DA:112,6
DA:113,6
DA:115,6
DA:116,2
DA:117,4
DA:118,4
DA:119,2
DA:120,2
DA:121,2
DA:122,2
DA:123,2
DA:126,0
DA:129,0
DA:132,2
DA:133,0
DA:135,2
DA:139,32
DA:140,32
DA:141,6
DA:143,26
DA:144,8
DA:148,4
DA:150,1
LF:77
LH:68
BRDA:12,0,0,0
BRDA:12,0,1,19
BRDA:12,1,0,19
BRDA:12,1,1,19
BRDA:20,2,0,19
BRDA:20,2,1,0
BRDA:21,3,0,19
BRDA:21,3,1,0
BRDA:33,4,0,0
BRDA:33,4,1,0
BRDA:33,4,2,0
BRDA:38,5,0,13
BRDA:38,5,1,13
BRDA:38,5,2,0
BRDA:38,5,3,0
BRDA:38,5,4,0
BRDA:38,5,5,0
BRDA:52,6,0,9
BRDA:52,6,1,22
BRDA:54,7,0,22
BRDA:54,7,1,0
BRDA:63,8,0,0
BRDA:63,8,1,18
BRDA:63,9,0,18
BRDA:63,9,1,18
BRDA:67,10,0,25
BRDA:67,10,1,0
BRDA:68,11,0,25
BRDA:68,11,1,0
BRDA:70,12,0,7
BRDA:70,12,1,18
BRDA:73,13,0,7
BRDA:73,13,1,11
BRDA:75,14,0,7
BRDA:75,14,1,0
BRDA:75,15,0,7
BRDA:75,15,1,0
BRDA:76,16,0,7
BRDA:76,16,1,0
BRDA:76,17,0,7
BRDA:76,17,1,7
BRDA:87,18,0,0
BRDA:87,18,1,11
BRDA:90,19,0,11
BRDA:90,19,1,0
BRDA:95,20,0,25
BRDA:95,20,1,111
BRDA:98,21,0,102
BRDA:98,21,1,9
BRDA:98,22,0,111
BRDA:98,22,1,111
BRDA:107,23,0,0
BRDA:107,23,1,4
BRDA:107,24,0,4
BRDA:107,24,1,4
BRDA:112,25,0,6
BRDA:112,25,1,0
BRDA:113,26,0,6
BRDA:113,26,1,0
BRDA:115,27,0,2
BRDA:115,27,1,4
BRDA:118,28,0,2
BRDA:118,28,1,2
BRDA:120,29,0,2
BRDA:120,29,1,0
BRDA:120,30,0,2
BRDA:120,30,1,0
BRDA:121,31,0,2
BRDA:121,31,1,0
BRDA:121,32,0,2
BRDA:121,32,1,2
BRDA:132,33,0,0
BRDA:132,33,1,2
BRDA:135,34,0,2
BRDA:135,34,1,0
BRDA:140,35,0,6
BRDA:140,35,1,26
BRDA:143,36,0,8
BRDA:143,36,1,18
BRDA:143,37,0,26
BRDA:143,37,1,26
BRF:81
BRH:54
end_of_record
TN:
SF:C:\Users\leila\Documents\fitapp\src\app\shared\logout\logout.service.ts
FN:6,(anonymous_2)
FN:8,LogoutService
FN:10,(anonymous_4)
FN:13,(anonymous_5)
FNF:4
FNH:2
FNDA:1,(anonymous_2)
FNDA:17,LogoutService
FNDA:0,(anonymous_4)
FNDA:0,(anonymous_5)
DA:1,1
DA:2,1
DA:6,1
DA:8,17
DA:10,1
DA:11,0
DA:12,0
DA:13,0
DA:16,0
DA:22,1
LF:10
LH:6
BRDA:11,0,0,0
BRDA:11,0,1,0
BRDA:12,1,0,0
BRDA:12,1,1,0
BRDA:8,2,0,1
BRDA:8,2,1,0
BRDA:8,3,0,1
BRF:7
BRH:2
end_of_record
TN:
SF:C:\Users\leila\Documents\fitapp\src\app\shared\price-filter\price-filter.pipe.ts
FN:7,(anonymous_1)
FN:7,PriceFilterPipe
FN:9,(anonymous_3)
FN:10,(anonymous_4)
FNF:4
FNH:2
FNDA:1,(anonymous_1)
FNDA:1,PriceFilterPipe
FNDA:0,(anonymous_3)
FNDA:0,(anonymous_4)
DA:1,1
DA:7,1
DA:9,1
DA:10,0
DA:14,1
LF:5
LH:4
BRDA:10,0,0,0
BRDA:10,0,1,0
BRF:2
BRH:0
end_of_record
TN:
SF:C:\Users\leila\Documents\fitapp\src\app\shared\products\product.model.ts
FN:3,(anonymous_2)
FN:12,ProductMetadata
FN:22,(anonymous_4)
FN:45,ProductVersion
FN:37,(anonymous_6)
FN:40,(anonymous_7)
FN:41,(anonymous_8)
FN:58,(anonymous_9)
FN:81,Product
FN:96,(anonymous_11)
FN:99,(anonymous_12)
FN:100,(anonymous_13)
FN:102,(anonymous_14)
FNF:13
FNH:5
FNDA:1,(anonymous_2)
FNDA:2,ProductMetadata
FNDA:1,(anonymous_4)
FNDA:0,ProductVersion
FNDA:0,(anonymous_6)
FNDA:0,(anonymous_7)
FNDA:0,(anonymous_8)
FNDA:1,(anonymous_9)
FNDA:17,Product
FNDA:0,(anonymous_11)
FNDA:0,(anonymous_12)
FNDA:0,(anonymous_13)
FNDA:0,(anonymous_14)
DA:1,1
DA:3,1
DA:6,1
DA:13,2
DA:14,2
DA:15,2
DA:16,2
DA:17,2
DA:18,2
DA:20,1
DA:22,1
DA:25,1
DA:28,1
DA:30,1
DA:32,1
DA:37,1
DA:38,0
DA:39,0
DA:40,0
DA:41,0
DA:46,0
DA:47,0
DA:48,0
DA:49,0
DA:50,0
DA:51,0
DA:52,0
DA:53,0
DA:54,0
DA:56,1
DA:58,1
DA:62,1
DA:65,1
DA:67,1
DA:69,1
DA:71,1
DA:73,1
DA:75,1
DA:77,1
DA:82,17
DA:83,17
DA:84,17
DA:85,17
DA:86,17
DA:87,17
DA:88,17
DA:89,17
DA:90,17
DA:91,17
DA:92,17
DA:93,17
DA:96,1
DA:97,0
DA:98,0
DA:99,0
DA:100,0
DA:102,0
DA:103,0
DA:104,0
DA:105,0
DA:109,1
LF:61
LH:40
BRF:0
BRH:0
end_of_record
TN:
SF:C:\Users\leila\Documents\fitapp\src\app\shared\products\product.service.ts
FN:16,(anonymous_2)
FN:29,ProductService
FN:31,(anonymous_4)
FN:34,(anonymous_5)
FN:37,(anonymous_6)
FN:41,(anonymous_7)
FN:45,(anonymous_8)
FN:48,(anonymous_9)
FN:53,(anonymous_10)
FN:56,(anonymous_11)
FN:63,(anonymous_12)
FNF:11
FNH:5
FNDA:1,(anonymous_2)
FNDA:28,ProductService
FNDA:28,(anonymous_4)
FNDA:28,(anonymous_5)
FNDA:28,(anonymous_6)
FNDA:0,(anonymous_7)
FNDA:0,(anonymous_8)
FNDA:0,(anonymous_9)
FNDA:0,(anonymous_10)
FNDA:0,(anonymous_11)
FNDA:0,(anonymous_12)
DA:1,1
DA:2,1
DA:4,1
DA:5,1
DA:8,1
DA:10,1
DA:11,1
DA:16,1
DA:18,28
DA:19,28
DA:20,28
DA:21,28
DA:24,28
DA:26,28
DA:29,28
DA:31,1
DA:32,28
DA:34,1
DA:35,28
DA:37,1
DA:38,28
DA:41,1
DA:42,0
DA:46,0
DA:47,0
DA:48,0
DA:50,0
DA:51,0
DA:53,0
DA:56,1
DA:58,0
DA:63,1
DA:65,0
DA:66,0
DA:69,1
LF:35
LH:25
BRDA:29,0,0,1
BRDA:29,0,1,0
BRDA:29,1,0,1
BRF:3
BRH:2
end_of_record
TN:
SF:C:\Users\leila\Documents\fitapp\src\app\shared\stomp-config\app-stomp-config.service.ts
FN:19,(anonymous_7)
FN:22,AppStompConfigService
FN:26,(anonymous_9)
FNF:3
FNH:3
FNDA:1,(anonymous_7)
FNDA:3,AppStompConfigService
FNDA:2,(anonymous_9)
DA:1,1
DA:3,1
DA:4,1
DA:6,1
DA:8,1
DA:19,1
DA:26,1
DA:28,2
DA:49,2
DA:51,1
LF:10
LH:10
BRDA:23,0,0,3
BRDA:23,0,1,3
BRDA:46,1,0,0
BRDA:46,1,1,2
BRF:4
BRH:3
end_of_record
TN:
SF:C:\Users\leila\Documents\fitapp\src\environments\environment.ts
FNF:0
FNH:0
DA:6,1
LF:1
LH:1
BRF:0
BRH:0
end_of_record
